<?xml version="1.0" encoding="UTF-8"?>
<!-- Generated by org.testng.reporters.JUnitXMLReporter -->
<testsuite ignored="0" hostname="LAPTOP-IINSEAOD" failures="0" tests="4" name="Default test" time="2.908" errors="0" timestamp="2022-05-08T23:31:20 EDT">
  <testcase classname="jobsApi.TC02_POST_DDT" name="postDDT" time="1.523"/>
  <testcase classname="jobsApi.TC02_POST_DDT" name="postDDT" time="0.165"/>
  <testcase classname="jobsApi.TC02_POST_DDT" name="postDDT" time="0.153"/>
  <testcase classname="jobsApi.TC02_POST_DDT" name="postDDT" time="0.159"/>
</testsuite> <!-- Default test -->
